# JRE version: OpenJDK Runtime Environment (8.0_212-b04) (build 1.8.0_212-release-1586-b04)
# Java VM: OpenJDK 64-Bit Server VM (25.212-b04 mixed mode windows-amd64 compressed oops)
Heap:
 PSYoungGen      total 261632K, used 72103K [0x00000000e0000000, 0x00000000f5100000, 0x0000000100000000)
  eden space 210944K, 31% used [0x00000000e0000000,0x00000000e4011d08,0x00000000ece00000)
  from space 50688K, 12% used [0x00000000ece00000,0x00000000ed4580a8,0x00000000eff80000)
  to   space 49664K, 0% used [0x00000000f2080000,0x00000000f2080000,0x00000000f5100000)
 ParOldGen       total 255488K, used 124584K [0x00000000a0000000, 0x00000000af980000, 0x00000000e0000000)
  object space 255488K, 48% used [0x00000000a0000000,0x00000000a79aa148,0x00000000af980000)
 Metaspace       used 84535K, capacity 88264K, committed 89000K, reserved 1126400K
  class space    used 11226K, capacity 11980K, committed 12200K, reserved 1048576K
GC Heap History (10 events):
Event: 178.691 GC heap before
{Heap before GC invocations=23 (full 3):
 PSYoungGen      total 203264K, used 200859K [0x00000000e0000000, 0x00000000ef580000, 0x0000000100000000)
  eden space 181760K, 100% used [0x00000000e0000000,0x00000000eb180000,0x00000000eb180000)
  from space 21504K, 88% used [0x00000000eb180000,0x00000000ec426ff0,0x00000000ec680000)
  to   space 23552K, 0% used [0x00000000ede80000,0x00000000ede80000,0x00000000ef580000)
 ParOldGen       total 132608K, used 60033K [0x00000000a0000000, 0x00000000a8180000, 0x00000000e0000000)
  object space 132608K, 45% used [0x00000000a0000000,0x00000000a3aa0640,0x00000000a8180000)
 Metaspace       used 83630K, capacity 87677K, committed 87976K, reserved 1124352K
  class space    used 11310K, capacity 12104K, committed 12200K, reserved 1048576K
Event: 178.824 GC heap after
Heap after GC invocations=23 (full 3):
 PSYoungGen      total 206336K, used 23540K [0x00000000e0000000, 0x00000000f2d80000, 0x0000000100000000)
  eden space 182784K, 0% used [0x00000000e0000000,0x00000000e0000000,0x00000000eb280000)
  from space 23552K, 99% used [0x00000000ede80000,0x00000000ef57d230,0x00000000ef580000)
  to   space 45056K, 0% used [0x00000000eb280000,0x00000000eb280000,0x00000000ede80000)
 ParOldGen       total 132608K, used 107819K [0x00000000a0000000, 0x00000000a8180000, 0x00000000e0000000)
  object space 132608K, 81% used [0x00000000a0000000,0x00000000a694ac30,0x00000000a8180000)
 Metaspace       used 83630K, capacity 87677K, committed 87976K, reserved 1124352K
  class space    used 11310K, capacity 12104K, committed 12200K, reserved 1048576K
}
Event: 178.825 GC heap before
{Heap before GC invocations=24 (full 4):
 PSYoungGen      total 206336K, used 23540K [0x00000000e0000000, 0x00000000f2d80000, 0x0000000100000000)
  eden space 182784K, 0% used [0x00000000e0000000,0x00000000e0000000,0x00000000eb280000)
  from space 23552K, 99% used [0x00000000ede80000,0x00000000ef57d230,0x00000000ef580000)
  to   space 45056K, 0% used [0x00000000eb280000,0x00000000eb280000,0x00000000ede80000)
 ParOldGen       total 132608K, used 107819K [0x00000000a0000000, 0x00000000a8180000, 0x00000000e0000000)
  object space 132608K, 81% used [0x00000000a0000000,0x00000000a694ac30,0x00000000a8180000)
 Metaspace       used 83630K, capacity 87677K, committed 87976K, reserved 1124352K
  class space    used 11310K, capacity 12104K, committed 12200K, reserved 1048576K
Event: 179.871 GC heap after
Heap after GC invocations=24 (full 4):
 PSYoungGen      total 206336K, used 0K [0x00000000e0000000, 0x00000000f2d80000, 0x0000000100000000)
  eden space 182784K, 0% used [0x00000000e0000000,0x00000000e0000000,0x00000000eb280000)
  from space 23552K, 0% used [0x00000000ede80000,0x00000000ede80000,0x00000000ef580000)
  to   space 45056K, 0% used [0x00000000eb280000,0x00000000eb280000,0x00000000ede80000)
 ParOldGen       total 255488K, used 112625K [0x00000000a0000000, 0x00000000af980000, 0x00000000e0000000)
  object space 255488K, 44% used [0x00000000a0000000,0x00000000a6dfc4a0,0x00000000af980000)
 Metaspace       used 83237K, capacity 86618K, committed 87976K, reserved 1124352K
  class space    used 11181K, capacity 11871K, committed 12200K, reserved 1048576K
}
Event: 279.243 GC heap before
{Heap before GC invocations=25 (full 4):
 PSYoungGen      total 206336K, used 182784K [0x00000000e0000000, 0x00000000f2d80000, 0x0000000100000000)
  eden space 182784K, 100% used [0x00000000e0000000,0x00000000eb280000,0x00000000eb280000)
  from space 23552K, 0% used [0x00000000ede80000,0x00000000ede80000,0x00000000ef580000)
  to   space 45056K, 0% used [0x00000000eb280000,0x00000000eb280000,0x00000000ede80000)
 ParOldGen       total 255488K, used 112625K [0x00000000a0000000, 0x00000000af980000, 0x00000000e0000000)
  object space 255488K, 44% used [0x00000000a0000000,0x00000000a6dfc4a0,0x00000000af980000)
 Metaspace       used 83848K, capacity 87466K, committed 88232K, reserved 1126400K
  class space    used 11213K, capacity 11959K, committed 12200K, reserved 1048576K
Event: 279.434 GC heap after
Heap after GC invocations=25 (full 4):
 PSYoungGen      total 227840K, used 13936K [0x00000000e0000000, 0x00000000f2900000, 0x0000000100000000)
  eden space 182784K, 0% used [0x00000000e0000000,0x00000000e0000000,0x00000000eb280000)
  from space 45056K, 30% used [0x00000000eb280000,0x00000000ec01c0b8,0x00000000ede80000)
  to   space 42496K, 0% used [0x00000000eff80000,0x00000000eff80000,0x00000000f2900000)
 ParOldGen       total 255488K, used 112633K [0x00000000a0000000, 0x00000000af980000, 0x00000000e0000000)
  object space 255488K, 44% used [0x00000000a0000000,0x00000000a6dfe4a0,0x00000000af980000)
 Metaspace       used 83848K, capacity 87466K, committed 88232K, reserved 1126400K
  class space    used 11213K, capacity 11959K, committed 12200K, reserved 1048576K
}
Event: 283.385 GC heap before
{Heap before GC invocations=26 (full 4):
 PSYoungGen      total 227840K, used 196720K [0x00000000e0000000, 0x00000000f2900000, 0x0000000100000000)
  eden space 182784K, 100% used [0x00000000e0000000,0x00000000eb280000,0x00000000eb280000)
  from space 45056K, 30% used [0x00000000eb280000,0x00000000ec01c0b8,0x00000000ede80000)
  to   space 42496K, 0% used [0x00000000eff80000,0x00000000eff80000,0x00000000f2900000)
 ParOldGen       total 255488K, used 112633K [0x00000000a0000000, 0x00000000af980000, 0x00000000e0000000)
  object space 255488K, 44% used [0x00000000a0000000,0x00000000a6dfe4a0,0x00000000af980000)
 Metaspace       used 84303K, capacity 87994K, committed 88744K, reserved 1126400K
  class space    used 11220K, capacity 11969K, committed 12200K, reserved 1048576K
Event: 283.419 GC heap after
Heap after GC invocations=26 (full 4):
 PSYoungGen      total 253440K, used 42471K [0x00000000e0000000, 0x00000000f3600000, 0x0000000100000000)
  eden space 210944K, 0% used [0x00000000e0000000,0x00000000e0000000,0x00000000ece00000)
  from space 42496K, 99% used [0x00000000eff80000,0x00000000f28f9ce8,0x00000000f2900000)
  to   space 50688K, 0% used [0x00000000ece00000,0x00000000ece00000,0x00000000eff80000)
 ParOldGen       total 255488K, used 114967K [0x00000000a0000000, 0x00000000af980000, 0x00000000e0000000)
  object space 255488K, 44% used [0x00000000a0000000,0x00000000a7045c40,0x00000000af980000)
 Metaspace       used 84303K, capacity 87994K, committed 88744K, reserved 1126400K
  class space    used 11220K, capacity 11969K, committed 12200K, reserved 1048576K
}
Event: 285.156 GC heap before
{Heap before GC invocations=27 (full 4):
 PSYoungGen      total 253440K, used 248183K [0x00000000e0000000, 0x00000000f3600000, 0x0000000100000000)
  eden space 210944K, 97% used [0x00000000e0000000,0x00000000ec8e4228,0x00000000ece00000)
  from space 42496K, 99% used [0x00000000eff80000,0x00000000f28f9ce8,0x00000000f2900000)
  to   space 50688K, 0% used [0x00000000ece00000,0x00000000ece00000,0x00000000eff80000)
 ParOldGen       total 255488K, used 114967K [0x00000000a0000000, 0x00000000af980000, 0x00000000e0000000)
  object space 255488K, 44% used [0x00000000a0000000,0x00000000a7045c40,0x00000000af980000)
 Metaspace       used 84354K, capacity 88064K, committed 88744K, reserved 1126400K
  class space    used 11220K, capacity 11970K, committed 12200K, reserved 1048576K
Event: 285.165 GC heap after
Heap after GC invocations=27 (full 4):
 PSYoungGen      total 261632K, used 6496K [0x00000000e0000000, 0x00000000f5100000, 0x0000000100000000)
  eden space 210944K, 0% used [0x00000000e0000000,0x00000000e0000000,0x00000000ece00000)
  from space 50688K, 12% used [0x00000000ece00000,0x00000000ed4580a8,0x00000000eff80000)
  to   space 49664K, 0% used [0x00000000f2080000,0x00000000f2080000,0x00000000f5100000)
 ParOldGen       total 255488K, used 124584K [0x00000000a0000000, 0x00000000af980000, 0x00000000e0000000)
  object space 255488K, 48% used [0x00000000a0000000,0x00000000a79aa148,0x00000000af980000)
 Metaspace       used 84354K, capacity 88064K, committed 88744K, reserved 1126400K
  class space    used 11220K, capacity 11970K, committed 12200K, reserved 1048576K
}

