# JRE version: OpenJDK Runtime Environment (8.0_212-b04) (build 1.8.0_212-release-1586-b04)
# Java VM: OpenJDK 64-Bit Server VM (25.212-b04 mixed mode windows-amd64 compressed oops)
Heap:
 PSYoungGen      total 412160K, used 232380K [0x00000000e0000000, 0x0000000100000000, 0x0000000100000000)
  eden space 309760K, 56% used [0x00000000e0000000,0x00000000eab6b4a8,0x00000000f2e80000)
  from space 102400K, 55% used [0x00000000f2e80000,0x00000000f6603de8,0x00000000f9280000)
  to   space 103424K, 0% used [0x00000000f9b00000,0x00000000f9b00000,0x0000000100000000)
 ParOldGen       total 302592K, used 132530K [0x00000000a0000000, 0x00000000b2780000, 0x00000000e0000000)
  object space 302592K, 43% used [0x00000000a0000000,0x00000000a816cae0,0x00000000b2780000)
 Metaspace       used 94258K, capacity 100979K, committed 101288K, reserved 1136640K
  class space    used 12051K, capacity 13168K, committed 13224K, reserved 1048576K
GC Heap History (10 events):
Event: 4397.236 GC heap before
{Heap before GC invocations=46 (full 5):
 PSYoungGen      total 404480K, used 289312K [0x00000000e0000000, 0x0000000100000000, 0x0000000100000000)
  eden space 290816K, 99% used [0x00000000e0000000,0x00000000f1a88310,0x00000000f1c00000)
  from space 113664K, 0% used [0x00000000f8c00000,0x00000000f8c00000,0x00000000ffb00000)
  to   space 114688K, 0% used [0x00000000f1c00000,0x00000000f1c00000,0x00000000f8c00000)
 ParOldGen       total 302592K, used 121855K [0x00000000a0000000, 0x00000000b2780000, 0x00000000e0000000)
  object space 302592K, 40% used [0x00000000a0000000,0x00000000a76ffe50,0x00000000b2780000)
 Metaspace       used 93039K, capacity 99793K, committed 100008K, reserved 1136640K
  class space    used 11953K, capacity 13089K, committed 13224K, reserved 1048576K
Event: 4397.436 GC heap after
Heap after GC invocations=46 (full 5):
 PSYoungGen      total 333312K, used 42071K [0x00000000e0000000, 0x00000000ff400000, 0x0000000100000000)
  eden space 290816K, 0% used [0x00000000e0000000,0x00000000e0000000,0x00000000f1c00000)
  from space 42496K, 99% used [0x00000000f1c00000,0x00000000f4515f80,0x00000000f4580000)
  to   space 108032K, 0% used [0x00000000f8a80000,0x00000000f8a80000,0x00000000ff400000)
 ParOldGen       total 302592K, used 121863K [0x00000000a0000000, 0x00000000b2780000, 0x00000000e0000000)
  object space 302592K, 40% used [0x00000000a0000000,0x00000000a7701e50,0x00000000b2780000)
 Metaspace       used 93039K, capacity 99793K, committed 100008K, reserved 1136640K
  class space    used 11953K, capacity 13089K, committed 13224K, reserved 1048576K
}
Event: 4735.939 GC heap before
{Heap before GC invocations=47 (full 5):
 PSYoungGen      total 333312K, used 332887K [0x00000000e0000000, 0x00000000ff400000, 0x0000000100000000)
  eden space 290816K, 100% used [0x00000000e0000000,0x00000000f1c00000,0x00000000f1c00000)
  from space 42496K, 99% used [0x00000000f1c00000,0x00000000f4515f80,0x00000000f4580000)
  to   space 108032K, 0% used [0x00000000f8a80000,0x00000000f8a80000,0x00000000ff400000)
 ParOldGen       total 302592K, used 121863K [0x00000000a0000000, 0x00000000b2780000, 0x00000000e0000000)
  object space 302592K, 40% used [0x00000000a0000000,0x00000000a7701e50,0x00000000b2780000)
 Metaspace       used 93102K, capacity 99793K, committed 100008K, reserved 1136640K
  class space    used 11953K, capacity 13089K, committed 13224K, reserved 1048576K
Event: 4736.165 GC heap after
Heap after GC invocations=47 (full 5):
 PSYoungGen      total 404480K, used 10238K [0x00000000e0000000, 0x0000000100000000, 0x0000000100000000)
  eden space 296448K, 0% used [0x00000000e0000000,0x00000000e0000000,0x00000000f2180000)
  from space 108032K, 9% used [0x00000000f8a80000,0x00000000f947fa90,0x00000000ff400000)
  to   space 107520K, 0% used [0x00000000f2180000,0x00000000f2180000,0x00000000f8a80000)
 ParOldGen       total 302592K, used 123672K [0x00000000a0000000, 0x00000000b2780000, 0x00000000e0000000)
  object space 302592K, 40% used [0x00000000a0000000,0x00000000a78c6138,0x00000000b2780000)
 Metaspace       used 93102K, capacity 99793K, committed 100008K, reserved 1136640K
  class space    used 11953K, capacity 13089K, committed 13224K, reserved 1048576K
}
Event: 4744.011 GC heap before
{Heap before GC invocations=48 (full 5):
 PSYoungGen      total 404480K, used 302259K [0x00000000e0000000, 0x0000000100000000, 0x0000000100000000)
  eden space 296448K, 98% used [0x00000000e0000000,0x00000000f1d2d3c8,0x00000000f2180000)
  from space 108032K, 9% used [0x00000000f8a80000,0x00000000f947fa90,0x00000000ff400000)
  to   space 107520K, 0% used [0x00000000f2180000,0x00000000f2180000,0x00000000f8a80000)
 ParOldGen       total 302592K, used 123672K [0x00000000a0000000, 0x00000000b2780000, 0x00000000e0000000)
  object space 302592K, 40% used [0x00000000a0000000,0x00000000a78c6138,0x00000000b2780000)
 Metaspace       used 93293K, capacity 99941K, committed 100264K, reserved 1136640K
  class space    used 11954K, capacity 13091K, committed 13224K, reserved 1048576K
Event: 4744.266 GC heap after
Heap after GC invocations=48 (full 5):
 PSYoungGen      total 403968K, used 25862K [0x00000000e0000000, 0x00000000ff780000, 0x0000000100000000)
  eden space 296448K, 0% used [0x00000000e0000000,0x00000000e0000000,0x00000000f2180000)
  from space 107520K, 24% used [0x00000000f2180000,0x00000000f3ac1b28,0x00000000f8a80000)
  to   space 103424K, 0% used [0x00000000f9280000,0x00000000f9280000,0x00000000ff780000)
 ParOldGen       total 302592K, used 127678K [0x00000000a0000000, 0x00000000b2780000, 0x00000000e0000000)
  object space 302592K, 42% used [0x00000000a0000000,0x00000000a7caf840,0x00000000b2780000)
 Metaspace       used 93293K, capacity 99941K, committed 100264K, reserved 1136640K
  class space    used 11954K, capacity 13091K, committed 13224K, reserved 1048576K
}
Event: 5771.384 GC heap before
{Heap before GC invocations=49 (full 5):
 PSYoungGen      total 403968K, used 322310K [0x00000000e0000000, 0x00000000ff780000, 0x0000000100000000)
  eden space 296448K, 100% used [0x00000000e0000000,0x00000000f2180000,0x00000000f2180000)
  from space 107520K, 24% used [0x00000000f2180000,0x00000000f3ac1b28,0x00000000f8a80000)
  to   space 103424K, 0% used [0x00000000f9280000,0x00000000f9280000,0x00000000ff780000)
 ParOldGen       total 302592K, used 127678K [0x00000000a0000000, 0x00000000b2780000, 0x00000000e0000000)
  object space 302592K, 42% used [0x00000000a0000000,0x00000000a7caf840,0x00000000b2780000)
 Metaspace       used 93385K, capacity 100049K, committed 100264K, reserved 1136640K
  class space    used 11957K, capacity 13097K, committed 13224K, reserved 1048576K
Event: 5771.595 GC heap after
Heap after GC invocations=49 (full 5):
 PSYoungGen      total 413184K, used 9422K [0x00000000e0000000, 0x00000000ffa00000, 0x0000000100000000)
  eden space 309760K, 0% used [0x00000000e0000000,0x00000000e0000000,0x00000000f2e80000)
  from space 103424K, 9% used [0x00000000f9280000,0x00000000f9bb3b30,0x00000000ff780000)
  to   space 102400K, 0% used [0x00000000f2e80000,0x00000000f2e80000,0x00000000f9280000)
 ParOldGen       total 302592K, used 129548K [0x00000000a0000000, 0x00000000b2780000, 0x00000000e0000000)
  object space 302592K, 42% used [0x00000000a0000000,0x00000000a7e83160,0x00000000b2780000)
 Metaspace       used 93385K, capacity 100049K, committed 100264K, reserved 1136640K
  class space    used 11957K, capacity 13097K, committed 13224K, reserved 1048576K
}
Event: 5780.394 GC heap before
{Heap before GC invocations=50 (full 5):
 PSYoungGen      total 413184K, used 319182K [0x00000000e0000000, 0x00000000ffa00000, 0x0000000100000000)
  eden space 309760K, 100% used [0x00000000e0000000,0x00000000f2e80000,0x00000000f2e80000)
  from space 103424K, 9% used [0x00000000f9280000,0x00000000f9bb3b30,0x00000000ff780000)
  to   space 102400K, 0% used [0x00000000f2e80000,0x00000000f2e80000,0x00000000f9280000)
 ParOldGen       total 302592K, used 129548K [0x00000000a0000000, 0x00000000b2780000, 0x00000000e0000000)
  object space 302592K, 42% used [0x00000000a0000000,0x00000000a7e83160,0x00000000b2780000)
 Metaspace       used 94258K, capacity 100979K, committed 101288K, reserved 1136640K
  class space    used 12051K, capacity 13168K, committed 13224K, reserved 1048576K
Event: 5780.673 GC heap after
Heap after GC invocations=50 (full 5):
 PSYoungGen      total 412160K, used 56847K [0x00000000e0000000, 0x0000000100000000, 0x0000000100000000)
  eden space 309760K, 0% used [0x00000000e0000000,0x00000000e0000000,0x00000000f2e80000)
  from space 102400K, 55% used [0x00000000f2e80000,0x00000000f6603de8,0x00000000f9280000)
  to   space 103424K, 0% used [0x00000000f9b00000,0x00000000f9b00000,0x0000000100000000)
 ParOldGen       total 302592K, used 132530K [0x00000000a0000000, 0x00000000b2780000, 0x00000000e0000000)
  object space 302592K, 43% used [0x00000000a0000000,0x00000000a816cae0,0x00000000b2780000)
 Metaspace       used 94258K, capacity 100979K, committed 101288K, reserved 1136640K
  class space    used 12051K, capacity 13168K, committed 13224K, reserved 1048576K
}

